Server started on port: 80
Server started on port: 80
Server started on port: 80
Server started on port: 80
Server started on port: 80
Server started on port: 80
[ TextRow { id: 1 } ]
[ TextRow { id: 1 } ]
[ TextRow { id: 1 } ]
[]
Session {
  cookie: { path: '/', _expires: null, originalMaxAge: null, httpOnly: true },
  loggedin: true,
  userdata: {
    id: 2,
    Firstname: 'Тест',
    Lastname: 'Тест',
    Middlename: 'Тест',
    username: 'test',
    password: 'test',
    Readwrite: 1,
    DepartViewPermission: '2, 1',
    ServiceViewPermission: '1',
    DepartName: 'skz__323_8KsPGi__ViQk1E4d6PXpScaBkrbRLz',
    ServiceName: 'skz__323_8KsPGi',
    Duty: 'Тест',
    GodMode: 0
  }
}
Session {
  cookie: { path: '/', _expires: null, originalMaxAge: null, httpOnly: true },
  loggedin: true,
  userdata: {
    id: 2,
    Firstname: 'Тест',
    Lastname: 'Тест',
    Middlename: 'Тест',
    username: 'test',
    password: 'test',
    Readwrite: 1,
    DepartViewPermission: '2, 1',
    ServiceViewPermission: '1',
    DepartName: 'skz__323_8KsPGi__73ixd1ByeCVD9ScFD95s2x',
    ServiceName: 'skz__323_8KsPGi',
    Duty: 'Тест',
    GodMode: 0
  }
}
Session {
  cookie: { path: '/', _expires: null, originalMaxAge: null, httpOnly: true },
  loggedin: true,
  userdata: {
    id: 2,
    Firstname: 'Тест',
    Lastname: 'Тест',
    Middlename: 'Тест',
    username: 'test',
    password: 'test',
    Readwrite: 1,
    DepartViewPermission: '2, 1',
    ServiceViewPermission: '1',
    DepartName: 'skz__323_8KsPGi__ViQk1E4d6PXpScaBkrbRLz',
    ServiceName: 'skz__323_8KsPGi',
    Duty: 'Тест',
    GodMode: 0
  }
}
Server started on port: 80
[]
[]
Server started on port: 80
Session {
  cookie: { path: '/', _expires: null, originalMaxAge: null, httpOnly: true },
  loggedin: true,
  userdata: {
    id: 4,
    Firstname: 'test2',
    Lastname: 'test2',
    Middlename: 'test2',
    username: 'test2',
    password: 'test2',
    Readwrite: 0,
    DepartViewPermission: '1, 2, 3',
    ServiceViewPermission: '1',
    DepartName: 'skz__323_8KsPGi__73ixd1ByeCVD9ScFD95s2x',
    ServiceName: 'skz__323_8KsPGi',
    Duty: 'test2',
    GodMode: 0
  }
}
Session {
  cookie: { path: '/', _expires: null, originalMaxAge: null, httpOnly: true },
  loggedin: true,
  userdata: {
    id: 4,
    Firstname: 'test2',
    Lastname: 'test2',
    Middlename: 'test2',
    username: 'test2',
    password: 'test2',
    Readwrite: 0,
    DepartViewPermission: '1, 2, 3',
    ServiceViewPermission: '1',
    DepartName: 'skz__323_8KsPGi__ViQk1E4d6PXpScaBkrbRLz',
    ServiceName: 'skz__323_8KsPGi',
    Duty: 'test2',
    GodMode: 0
  }
}
Session {
  cookie: { path: '/', _expires: null, originalMaxAge: null, httpOnly: true },
  loggedin: true,
  userdata: {
    id: 4,
    Firstname: 'test2',
    Lastname: 'test2',
    Middlename: 'test2',
    username: 'test2',
    password: 'test2',
    Readwrite: 0,
    DepartViewPermission: '1, 2, 3',
    ServiceViewPermission: '1',
    DepartName: 'skz__323_8KsPGi__2EM3aHAbed62bdBhhtnQgb',
    ServiceName: 'skz__323_8KsPGi',
    Duty: 'test2',
    GodMode: 0
  }
}
Session {
  cookie: { path: '/', _expires: null, originalMaxAge: null, httpOnly: true },
  loggedin: true,
  userdata: {
    id: 4,
    Firstname: 'test2',
    Lastname: 'test2',
    Middlename: 'test2',
    username: 'test2',
    password: 'test2',
    Readwrite: 0,
    DepartViewPermission: '1, 2, 3',
    ServiceViewPermission: '1',
    DepartName: 'skz__323_8KsPGi__73ixd1ByeCVD9ScFD95s2x',
    ServiceName: 'skz__323_8KsPGi',
    Duty: 'test2',
    GodMode: 0
  }
}
Session {
  cookie: { path: '/', _expires: null, originalMaxAge: null, httpOnly: true },
  loggedin: true,
  userdata: {
    id: 4,
    Firstname: 'test2',
    Lastname: 'test2',
    Middlename: 'test2',
    username: 'test2',
    password: 'test2',
    Readwrite: 0,
    DepartViewPermission: '1, 2, 3',
    ServiceViewPermission: '1',
    DepartName: 'skz__323_8KsPGi__ViQk1E4d6PXpScaBkrbRLz',
    ServiceName: 'skz__323_8KsPGi',
    Duty: 'test2',
    GodMode: 0
  }
}
Session {
  cookie: { path: '/', _expires: null, originalMaxAge: null, httpOnly: true },
  loggedin: true,
  userdata: {
    id: 4,
    Firstname: 'test2',
    Lastname: 'test2',
    Middlename: 'test2',
    username: 'test2',
    password: 'test2',
    Readwrite: 0,
    DepartViewPermission: '1, 2, 3',
    ServiceViewPermission: '1',
    DepartName: 'skz__323_8KsPGi__ViQk1E4d6PXpScaBkrbRLz',
    ServiceName: 'skz__323_8KsPGi',
    Duty: 'test2',
    GodMode: 0
  }
}
Server started on port: 80
Session {
  cookie: { path: '/', _expires: null, originalMaxAge: null, httpOnly: true },
  loggedin: true,
  userdata: {
    id: 1,
    Firstname: 'admin',
    Lastname: 'admin',
    Middlename: 'admin',
    username: 'admin',
    password: 'admin',
    Readwrite: 1,
    DepartViewPermission: '0',
    ServiceViewPermission: '0',
    DepartName: '0',
    ServiceName: '0',
    Duty: 'admin',
    GodMode: 1
  }
}
Session {
  cookie: { path: '/', _expires: null, originalMaxAge: null, httpOnly: true },
  loggedin: true,
  userdata: {
    id: 2,
    Firstname: 'Тест',
    Lastname: 'Тест',
    Middlename: 'Тест',
    username: 'test',
    password: 'test',
    Readwrite: 1,
    DepartViewPermission: '2, 1',
    ServiceViewPermission: '1',
    DepartName: 'skz__323_8KsPGi__73ixd1ByeCVD9ScFD95s2x',
    ServiceName: 'skz__323_8KsPGi',
    Duty: 'Тест',
    GodMode: 0
  }
}
Session {
  cookie: { path: '/', _expires: null, originalMaxAge: null, httpOnly: true },
  loggedin: true,
  userdata: {
    id: 1,
    Firstname: 'admin',
    Lastname: 'admin',
    Middlename: 'admin',
    username: 'admin',
    password: 'admin',
    Readwrite: 1,
    DepartViewPermission: '0',
    ServiceViewPermission: '0',
    DepartName: '0',
    ServiceName: '0',
    Duty: 'admin',
    GodMode: 1
  }
}
Session {
  cookie: { path: '/', _expires: null, originalMaxAge: null, httpOnly: true },
  loggedin: true,
  userdata: {
    id: 2,
    Firstname: 'Тест',
    Lastname: 'Тест',
    Middlename: 'Тест',
    username: 'test',
    password: 'test',
    Readwrite: 1,
    DepartViewPermission: '2, 1',
    ServiceViewPermission: '1',
    DepartName: 'skz__323_8KsPGi__ViQk1E4d6PXpScaBkrbRLz',
    ServiceName: 'skz__323_8KsPGi',
    Duty: 'Тест',
    GodMode: 0
  }
}
Session {
  cookie: { path: '/', _expires: null, originalMaxAge: null, httpOnly: true },
  loggedin: true,
  userdata: {
    id: 2,
    Firstname: 'Тест',
    Lastname: 'Тест',
    Middlename: 'Тест',
    username: 'test',
    password: 'test',
    Readwrite: 1,
    DepartViewPermission: '2, 1',
    ServiceViewPermission: '1',
    DepartName: 'skz__323_8KsPGi__73ixd1ByeCVD9ScFD95s2x',
    ServiceName: 'skz__323_8KsPGi',
    Duty: 'Тест',
    GodMode: 0
  }
}
Session {
  cookie: { path: '/', _expires: null, originalMaxAge: null, httpOnly: true },
  loggedin: true,
  userdata: {
    id: 2,
    Firstname: 'Тест',
    Lastname: 'Тест',
    Middlename: 'Тест',
    username: 'test',
    password: 'test',
    Readwrite: 1,
    DepartViewPermission: '2, 1',
    ServiceViewPermission: '1',
    DepartName: 'skz__323_8KsPGi__ViQk1E4d6PXpScaBkrbRLz',
    ServiceName: 'skz__323_8KsPGi',
    Duty: 'Тест',
    GodMode: 0
  }
}
Session {
  cookie: { path: '/', _expires: null, originalMaxAge: null, httpOnly: true },
  loggedin: true,
  userdata: {
    id: 2,
    Firstname: 'Тест',
    Lastname: 'Тест',
    Middlename: 'Тест',
    username: 'test',
    password: 'test',
    Readwrite: 1,
    DepartViewPermission: '2, 1',
    ServiceViewPermission: '1',
    DepartName: 'skz__323_8KsPGi__ViQk1E4d6PXpScaBkrbRLz',
    ServiceName: 'skz__323_8KsPGi',
    Duty: 'Тест',
    GodMode: 0
  }
}
Session {
  cookie: { path: '/', _expires: null, originalMaxAge: null, httpOnly: true },
  loggedin: true,
  userdata: {
    id: 1,
    Firstname: 'admin',
    Lastname: 'admin',
    Middlename: 'admin',
    username: 'admin',
    password: 'admin',
    Readwrite: 1,
    DepartViewPermission: '0',
    ServiceViewPermission: '0',
    DepartName: '0',
    ServiceName: '0',
    Duty: 'admin',
    GodMode: 1
  }
}
Session {
  cookie: { path: '/', _expires: null, originalMaxAge: null, httpOnly: true },
  loggedin: true,
  userdata: {
    id: 1,
    Firstname: 'admin',
    Lastname: 'admin',
    Middlename: 'admin',
    username: 'admin',
    password: 'admin',
    Readwrite: 1,
    DepartViewPermission: '0',
    ServiceViewPermission: '0',
    DepartName: '0',
    ServiceName: '0',
    Duty: 'admin',
    GodMode: 1
  }
}
[]
Session {
  cookie: { path: '/', _expires: null, originalMaxAge: null, httpOnly: true },
  loggedin: true,
  userdata: {
    id: 5,
    Firstname: 'test',
    Lastname: 'test',
    Middlename: 'test',
    username: 'user',
    password: 'user',
    Readwrite: 1,
    DepartViewPermission: '1, 2, 3',
    ServiceViewPermission: '1',
    DepartName: 'skz__323_8KsPGi__73ixd1ByeCVD9ScFD95s2x',
    ServiceName: 'skz__323_8KsPGi',
    Duty: 'test',
    GodMode: 0
  }
}
Number of records inserted: 11
Session {
  cookie: { path: '/', _expires: null, originalMaxAge: null, httpOnly: true },
  loggedin: true,
  userdata: {
    id: 5,
    Firstname: 'test',
    Lastname: 'test',
    Middlename: 'test',
    username: 'user',
    password: 'user',
    Readwrite: 1,
    DepartViewPermission: '1, 2, 3',
    ServiceViewPermission: '1',
    DepartName: 'skz__323_8KsPGi__73ixd1ByeCVD9ScFD95s2x',
    ServiceName: 'skz__323_8KsPGi',
    Duty: 'test',
    GodMode: 0
  }
}
[]
[]
[
  TextRow {
    id: 7,
    Firstname: 'Петр',
    Lastname: 'Петров',
    Middlename: 'Петрович',
    username: 'qwe',
    password: 'qwe',
    Readwrite: 1,
    DepartViewPermission: '1, 2, 3',
    ServiceViewPermission: '1',
    DepartName: 'skz__323_8KsPGi__73ixd1ByeCVD9ScFD95s2x',
    ServiceName: 'skz__323_8KsPGi',
    Duty: 'Начальник производственной службы',
    GodMode: 0
  }
]
[]
[ TextRow { id: 1 } ]
