2019-12-28 16:15:00 - Starting C:\Program Files\nodejs\node.exe  --harmony C:\Users\root\AppData\Roaming\npm\node_modules\qckwinsvc\node_modules\node-windows\lib\wrapper.js --file C:\Users\root\Desktop\server\uchet-app\main --log "inventServer wrapper" --grow 0.25 --wait 1 --maxrestarts 3 --abortonerror n --stopparentfirst undefined
2019-12-28 16:15:00 - Started 8992
2019-12-28 16:16:49 - Stopping inventserver.exe
2019-12-28 16:16:49 - ProcessKill 8992
2019-12-28 16:16:49 - Found child process: 4104 Name: conhost.exe
2019-12-28 16:16:49 - Found child process: 8356 Name: node.exe
2019-12-28 16:16:49 - Stopping process 4104
2019-12-28 16:16:49 - Send SIGINT 4104
2019-12-28 16:16:50 - SIGINT to 4104 failed - Killing as fallback
2019-12-28 16:16:50 - Stopping process 8356
2019-12-28 16:16:50 - Send SIGINT 8356
2019-12-28 16:16:50 - SIGINT to 8356 failed - Killing as fallback
2019-12-28 16:16:50 - Stopping process 8992
2019-12-28 16:16:50 - Send SIGINT 8992
2019-12-28 16:16:50 - SIGINT to 8992 failed - Killing as fallback
2019-12-28 16:16:50 - Finished inventserver.exe
2019-12-28 16:16:51 - Starting C:\Program Files\nodejs\node.exe  --harmony C:\Users\root\AppData\Roaming\npm\node_modules\qckwinsvc\node_modules\node-windows\lib\wrapper.js --file C:\Users\root\Desktop\server\uchet-app\main --log "inventServer wrapper" --grow 0.25 --wait 1 --maxrestarts 3 --abortonerror n --stopparentfirst undefined
2019-12-28 16:16:51 - Started 4480
2019-12-28 16:18:19 - Stopping inventserver.exe
2019-12-28 16:18:19 - ProcessKill 4480
2019-12-28 16:18:19 - Found child process: 6580 Name: conhost.exe
2019-12-28 16:18:19 - Found child process: 7668 Name: node.exe
2019-12-28 16:18:19 - Stopping process 6580
2019-12-28 16:18:19 - Send SIGINT 6580
2019-12-28 16:18:19 - SIGINT to 6580 failed - Killing as fallback
2019-12-28 16:18:19 - Stopping process 7668
2019-12-28 16:18:19 - Send SIGINT 7668
2019-12-28 16:18:19 - SIGINT to 7668 failed - Killing as fallback
2019-12-28 16:18:19 - Stopping process 4480
2019-12-28 16:18:19 - Send SIGINT 4480
2019-12-28 16:18:19 - SIGINT to 4480 failed - Killing as fallback
2019-12-28 16:18:19 - Finished inventserver.exe
2019-12-28 16:28:48 - Starting C:\Program Files\nodejs\node.exe  --harmony C:\Users\root\AppData\Roaming\npm\node_modules\qckwinsvc\node_modules\node-windows\lib\wrapper.js --file C:\Users\root\Desktop\server\uchet-app\main --log "inventServer wrapper" --grow 0.25 --wait 1 --maxrestarts 3 --abortonerror n --stopparentfirst undefined
2019-12-28 16:28:48 - Started 1868
2019-12-28 16:33:04 - Starting C:\Program Files\nodejs\node.exe  --harmony C:\Users\root\AppData\Roaming\npm\node_modules\qckwinsvc\node_modules\node-windows\lib\wrapper.js --file C:\Users\root\Desktop\server\uchet-app\main --log "inventServer wrapper" --grow 0.25 --wait 1 --maxrestarts 3 --abortonerror n --stopparentfirst undefined
2019-12-28 16:33:04 - Started 7436
2019-12-30 08:06:56 - Stopping inventserver.exe
2019-12-30 08:06:56 - ProcessKill 7436
2019-12-30 08:06:56 - Found child process: 4200 Name: conhost.exe
2019-12-30 08:06:56 - Found child process: 6920 Name: node.exe
2019-12-30 08:06:56 - Stopping process 4200
2019-12-30 08:06:56 - Send SIGINT 4200
2019-12-30 08:06:56 - SIGINT to 4200 failed - Killing as fallback
2019-12-30 08:06:56 - Stopping process 6920
2019-12-30 08:06:56 - Send SIGINT 6920
2019-12-30 08:06:56 - SIGINT to 6920 failed - Killing as fallback
2019-12-30 08:06:56 - Stopping process 7436
2019-12-30 08:06:56 - Send SIGINT 7436
2019-12-30 08:06:56 - SIGINT to 7436 failed - Killing as fallback
2019-12-30 08:06:56 - Finished inventserver.exe
2019-12-30 08:09:58 - Starting C:\Program Files\nodejs\node.exe  --harmony C:\Users\root\AppData\Roaming\npm\node_modules\qckwinsvc\node_modules\node-windows\lib\wrapper.js --file C:\Users\root\Desktop\server\uchet-app\main --log "inventServer wrapper" --grow 0.25 --wait 1 --maxrestarts 3 --abortonerror n --stopparentfirst undefined
2019-12-30 08:09:58 - Started 4244
2019-12-30 08:10:57 - Stopping inventserver.exe
2019-12-30 08:10:57 - ProcessKill 4244
2019-12-30 08:10:57 - Found child process: 7876 Name: conhost.exe
2019-12-30 08:10:57 - Found child process: 6980 Name: node.exe
2019-12-30 08:10:57 - Stopping process 7876
2019-12-30 08:10:57 - Send SIGINT 7876
2019-12-30 08:10:57 - SIGINT to 7876 failed - Killing as fallback
2019-12-30 08:10:57 - Stopping process 6980
2019-12-30 08:10:57 - Send SIGINT 6980
2019-12-30 08:10:57 - SIGINT to 6980 failed - Killing as fallback
2019-12-30 08:10:57 - Stopping process 4244
2019-12-30 08:10:57 - Send SIGINT 4244
2019-12-30 08:10:57 - SIGINT to 4244 failed - Killing as fallback
2019-12-30 08:10:57 - Finished inventserver.exe
2019-12-30 08:11:25 - Starting C:\Program Files\nodejs\node.exe  --harmony C:\Users\root\AppData\Roaming\npm\node_modules\qckwinsvc\node_modules\node-windows\lib\wrapper.js --file C:\Users\root\Desktop\server\uchet-app\main --log "inventServer wrapper" --grow 0.25 --wait 1 --maxrestarts 3 --abortonerror n --stopparentfirst undefined
2019-12-30 08:11:25 - Started 4952
2019-12-30 08:24:20 - Stopping inventserver.exe
2019-12-30 08:24:20 - ProcessKill 4952
2019-12-30 08:24:21 - Found child process: 1608 Name: conhost.exe
2019-12-30 08:24:21 - Found child process: 7644 Name: node.exe
2019-12-30 08:24:21 - Stopping process 1608
2019-12-30 08:24:21 - Send SIGINT 1608
2019-12-30 08:24:21 - SIGINT to 1608 failed - Killing as fallback
2019-12-30 08:24:21 - Stopping process 7644
2019-12-30 08:24:21 - Send SIGINT 7644
2019-12-30 08:24:21 - SIGINT to 7644 failed - Killing as fallback
2019-12-30 08:24:21 - Stopping process 4952
2019-12-30 08:24:21 - Send SIGINT 4952
2019-12-30 08:24:21 - SIGINT to 4952 failed - Killing as fallback
2019-12-30 08:24:21 - Finished inventserver.exe
2019-12-30 08:24:23 - Starting C:\Program Files\nodejs\node.exe  --harmony C:\Users\root\AppData\Roaming\npm\node_modules\qckwinsvc\node_modules\node-windows\lib\wrapper.js --file C:\Users\root\Desktop\server\uchet-app\main --log "inventServer wrapper" --grow 0.25 --wait 1 --maxrestarts 3 --abortonerror n --stopparentfirst undefined
2019-12-30 08:24:23 - Started 3712
2019-12-30 08:44:32 - Stopping inventserver.exe
2019-12-30 08:44:32 - ProcessKill 3712
2019-12-30 08:44:32 - Found child process: 5080 Name: conhost.exe
2019-12-30 08:44:32 - Found child process: 1000 Name: node.exe
2019-12-30 08:44:32 - Stopping process 5080
2019-12-30 08:44:32 - Send SIGINT 5080
2019-12-30 08:44:32 - SIGINT to 5080 failed - Killing as fallback
2019-12-30 08:44:32 - Stopping process 1000
2019-12-30 08:44:32 - Send SIGINT 1000
2019-12-30 08:44:32 - SIGINT to 1000 failed - Killing as fallback
2019-12-30 08:44:32 - Stopping process 3712
2019-12-30 08:44:32 - Send SIGINT 3712
2019-12-30 08:44:32 - SIGINT to 3712 failed - Killing as fallback
2019-12-30 08:44:32 - Finished inventserver.exe
2019-12-30 08:44:34 - Starting C:\Program Files\nodejs\node.exe  --harmony C:\Users\root\AppData\Roaming\npm\node_modules\qckwinsvc\node_modules\node-windows\lib\wrapper.js --file C:\Users\root\Desktop\server\uchet-app\main --log "inventServer wrapper" --grow 0.25 --wait 1 --maxrestarts 3 --abortonerror n --stopparentfirst undefined
2019-12-30 08:44:34 - Started 5860
2019-12-30 08:53:08 - Stopping inventserver.exe
2019-12-30 08:53:08 - ProcessKill 5860
2019-12-30 08:53:08 - Found child process: 3016 Name: conhost.exe
2019-12-30 08:53:08 - Found child process: 5744 Name: node.exe
2019-12-30 08:53:08 - Stopping process 3016
2019-12-30 08:53:08 - Send SIGINT 3016
2019-12-30 08:53:08 - SIGINT to 3016 failed - Killing as fallback
2019-12-30 08:53:09 - Stopping process 5744
2019-12-30 08:53:09 - Send SIGINT 5744
2019-12-30 08:53:09 - SIGINT to 5744 failed - Killing as fallback
2019-12-30 08:53:09 - Stopping process 5860
2019-12-30 08:53:09 - Send SIGINT 5860
2019-12-30 08:53:09 - SIGINT to 5860 failed - Killing as fallback
2019-12-30 08:53:09 - Finished inventserver.exe
2019-12-30 08:57:06 - Starting C:\Program Files\nodejs\node.exe  --harmony C:\Users\root\AppData\Roaming\npm\node_modules\qckwinsvc\node_modules\node-windows\lib\wrapper.js --file C:\Users\root\Desktop\server\uchet-app\main --log "inventServer wrapper" --grow 0.25 --wait 1 --maxrestarts 3 --abortonerror n --stopparentfirst undefined
2019-12-30 08:57:06 - Started 4656
2019-12-30 09:00:30 - Stopping inventserver.exe
2019-12-30 09:00:30 - ProcessKill 4656
2019-12-30 09:00:30 - Found child process: 7580 Name: conhost.exe
2019-12-30 09:00:30 - Found child process: 6972 Name: node.exe
2019-12-30 09:00:31 - Stopping process 7580
2019-12-30 09:00:31 - Send SIGINT 7580
2019-12-30 09:00:31 - SIGINT to 7580 failed - Killing as fallback
2019-12-30 09:00:31 - Stopping process 6972
2019-12-30 09:00:31 - Send SIGINT 6972
2019-12-30 09:00:31 - SIGINT to 6972 failed - Killing as fallback
2019-12-30 09:00:31 - Stopping process 4656
2019-12-30 09:00:31 - Send SIGINT 4656
2019-12-30 09:00:31 - SIGINT to 4656 failed - Killing as fallback
2019-12-30 09:00:31 - Finished inventserver.exe
2019-12-30 09:01:19 - Starting C:\Program Files\nodejs\node.exe  --harmony C:\Users\root\AppData\Roaming\npm\node_modules\qckwinsvc\node_modules\node-windows\lib\wrapper.js --file C:\Users\root\Desktop\server\uchet-app\main --log "inventServer wrapper" --grow 0.25 --wait 1 --maxrestarts 3 --abortonerror n --stopparentfirst undefined
2019-12-30 09:01:19 - Started 9028
2019-12-30 09:23:29 - Stopping inventserver.exe
2019-12-30 09:23:29 - ProcessKill 9028
2019-12-30 09:23:29 - Found child process: 9040 Name: conhost.exe
2019-12-30 09:23:29 - Found child process: 9132 Name: node.exe
2019-12-30 09:23:29 - Stopping process 9040
2019-12-30 09:23:29 - Send SIGINT 9040
2019-12-30 09:23:29 - SIGINT to 9040 failed - Killing as fallback
2019-12-30 09:23:29 - Stopping process 9132
2019-12-30 09:23:29 - Send SIGINT 9132
2019-12-30 09:23:29 - SIGINT to 9132 failed - Killing as fallback
2019-12-30 09:23:29 - Stopping process 9028
2019-12-30 09:23:29 - Send SIGINT 9028
2019-12-30 09:23:29 - SIGINT to 9028 failed - Killing as fallback
2019-12-30 09:23:29 - Finished inventserver.exe
2019-12-30 09:23:31 - Starting C:\Program Files\nodejs\node.exe  --harmony C:\Users\root\AppData\Roaming\npm\node_modules\qckwinsvc\node_modules\node-windows\lib\wrapper.js --file C:\Users\root\Desktop\server\uchet-app\main --log "inventServer wrapper" --grow 0.25 --wait 1 --maxrestarts 3 --abortonerror n --stopparentfirst undefined
2019-12-30 09:23:31 - Started 7116
2019-12-30 09:36:30 - Stopping inventserver.exe
2019-12-30 09:36:30 - ProcessKill 7116
2019-12-30 09:36:30 - Found child process: 4844 Name: conhost.exe
2019-12-30 09:36:30 - Found child process: 8140 Name: node.exe
2019-12-30 09:36:30 - Stopping process 4844
2019-12-30 09:36:30 - Send SIGINT 4844
2019-12-30 09:36:30 - SIGINT to 4844 failed - Killing as fallback
2019-12-30 09:36:30 - Stopping process 8140
2019-12-30 09:36:30 - Send SIGINT 8140
2019-12-30 09:36:30 - SIGINT to 8140 failed - Killing as fallback
2019-12-30 09:36:30 - Stopping process 7116
2019-12-30 09:36:30 - Send SIGINT 7116
2019-12-30 09:36:30 - SIGINT to 7116 failed - Killing as fallback
2019-12-30 09:36:30 - Finished inventserver.exe
2019-12-30 09:36:32 - Starting C:\Program Files\nodejs\node.exe  --harmony C:\Users\root\AppData\Roaming\npm\node_modules\qckwinsvc\node_modules\node-windows\lib\wrapper.js --file C:\Users\root\Desktop\server\uchet-app\main --log "inventServer wrapper" --grow 0.25 --wait 1 --maxrestarts 3 --abortonerror n --stopparentfirst undefined
2019-12-30 09:36:32 - Started 5872
2019-12-30 09:39:49 - Stopping inventserver.exe
2019-12-30 09:39:49 - ProcessKill 5872
2019-12-30 09:39:50 - Found child process: 3060 Name: conhost.exe
2019-12-30 09:39:50 - Found child process: 5312 Name: node.exe
2019-12-30 09:39:50 - Stopping process 3060
2019-12-30 09:39:50 - Send SIGINT 3060
2019-12-30 09:39:50 - SIGINT to 3060 failed - Killing as fallback
2019-12-30 09:39:50 - Stopping process 5312
2019-12-30 09:39:50 - Send SIGINT 5312
2019-12-30 09:39:50 - SIGINT to 5312 failed - Killing as fallback
2019-12-30 09:39:50 - Stopping process 5872
2019-12-30 09:39:50 - Send SIGINT 5872
2019-12-30 09:39:50 - SIGINT to 5872 failed - Killing as fallback
2019-12-30 09:39:50 - Finished inventserver.exe
2019-12-30 09:39:51 - Starting C:\Program Files\nodejs\node.exe  --harmony C:\Users\root\AppData\Roaming\npm\node_modules\qckwinsvc\node_modules\node-windows\lib\wrapper.js --file C:\Users\root\Desktop\server\uchet-app\main --log "inventServer wrapper" --grow 0.25 --wait 1 --maxrestarts 3 --abortonerror n --stopparentfirst undefined
2019-12-30 09:39:51 - Started 7028
2019-12-30 09:46:08 - Stopping inventserver.exe
2019-12-30 09:46:08 - ProcessKill 7028
2019-12-30 09:46:09 - Found child process: 1500 Name: conhost.exe
2019-12-30 09:46:09 - Found child process: 3548 Name: node.exe
2019-12-30 09:46:09 - Stopping process 1500
2019-12-30 09:46:09 - Send SIGINT 1500
2019-12-30 09:46:09 - SIGINT to 1500 failed - Killing as fallback
2019-12-30 09:46:09 - Stopping process 3548
2019-12-30 09:46:09 - Send SIGINT 3548
2019-12-30 09:46:09 - SIGINT to 3548 failed - Killing as fallback
2019-12-30 09:46:09 - Stopping process 7028
2019-12-30 09:46:09 - Send SIGINT 7028
2019-12-30 09:46:09 - SIGINT to 7028 failed - Killing as fallback
2019-12-30 09:46:09 - Finished inventserver.exe
2019-12-30 09:46:11 - Starting C:\Program Files\nodejs\node.exe  --harmony C:\Users\root\AppData\Roaming\npm\node_modules\qckwinsvc\node_modules\node-windows\lib\wrapper.js --file C:\Users\root\Desktop\server\uchet-app\main --log "inventServer wrapper" --grow 0.25 --wait 1 --maxrestarts 3 --abortonerror n --stopparentfirst undefined
2019-12-30 09:46:11 - Started 2560
