Ignoring invalid configuration option passed to Connection: localhost. This is currently a warning, but in future versions of MySQL2, an error will be thrown if you pass an invalid configuration option to a Connection
Ignoring invalid configuration option passed to Connection: localhost. This is currently a warning, but in future versions of MySQL2, an error will be thrown if you pass an invalid configuration option to a Connection
Ignoring invalid configuration option passed to Connection: localhost. This is currently a warning, but in future versions of MySQL2, an error will be thrown if you pass an invalid configuration option to a Connection
events.js:187
      throw er; // Unhandled 'error' event
      ^

Error: connect ECONNREFUSED 127.0.0.1:3306
    at TCPConnectWrap.afterConnect [as oncomplete] (net.js:1129:14)
Emitted 'error' event on Connection instance at:
    at Connection._notifyError (C:\Users\zaymanovaa\Desktop\dev\web-table-for-excel\node_modules\mysql2\lib\connection.js:216:12)
    at Connection._handleFatalError (C:\Users\zaymanovaa\Desktop\dev\web-table-for-excel\node_modules\mysql2\lib\connection.js:151:10)
    at Connection._handleNetworkError (C:\Users\zaymanovaa\Desktop\dev\web-table-for-excel\node_modules\mysql2\lib\connection.js:164:10)
    at Socket.emit (events.js:210:5)
    at emitErrorNT (internal/streams/destroy.js:92:8)
    at emitErrorAndCloseNT (internal/streams/destroy.js:60:3)
    at processTicksAndRejections (internal/process/task_queues.js:80:21) {
  errno: 'ECONNREFUSED',
  code: 'ECONNREFUSED',
  syscall: 'connect',
  address: '127.0.0.1',
  port: 3306,
  fatal: true
}
Ignoring invalid configuration option passed to Connection: localhost. This is currently a warning, but in future versions of MySQL2, an error will be thrown if you pass an invalid configuration option to a Connection
Ignoring invalid configuration option passed to Connection: localhost. This is currently a warning, but in future versions of MySQL2, an error will be thrown if you pass an invalid configuration option to a Connection
Ignoring invalid configuration option passed to Connection: localhost. This is currently a warning, but in future versions of MySQL2, an error will be thrown if you pass an invalid configuration option to a Connection
events.js:187
      throw er; // Unhandled 'error' event
      ^

Error: connect ECONNREFUSED 127.0.0.1:3306
    at TCPConnectWrap.afterConnect [as oncomplete] (net.js:1129:14)
Emitted 'error' event on Connection instance at:
    at Connection._notifyError (C:\Users\zaymanovaa\Desktop\dev\web-table-for-excel\node_modules\mysql2\lib\connection.js:216:12)
    at Connection._handleFatalError (C:\Users\zaymanovaa\Desktop\dev\web-table-for-excel\node_modules\mysql2\lib\connection.js:151:10)
    at Connection._handleNetworkError (C:\Users\zaymanovaa\Desktop\dev\web-table-for-excel\node_modules\mysql2\lib\connection.js:164:10)
    at Socket.emit (events.js:210:5)
    at emitErrorNT (internal/streams/destroy.js:92:8)
    at emitErrorAndCloseNT (internal/streams/destroy.js:60:3)
    at processTicksAndRejections (internal/process/task_queues.js:80:21) {
  errno: 'ECONNREFUSED',
  code: 'ECONNREFUSED',
  syscall: 'connect',
  address: '127.0.0.1',
  port: 3306,
  fatal: true
}
Ignoring invalid configuration option passed to Connection: localhost. This is currently a warning, but in future versions of MySQL2, an error will be thrown if you pass an invalid configuration option to a Connection
Ignoring invalid configuration option passed to Connection: localhost. This is currently a warning, but in future versions of MySQL2, an error will be thrown if you pass an invalid configuration option to a Connection
Ignoring invalid configuration option passed to Connection: localhost. This is currently a warning, but in future versions of MySQL2, an error will be thrown if you pass an invalid configuration option to a Connection
events.js:187
      throw er; // Unhandled 'error' event
      ^

Error: connect ECONNREFUSED 127.0.0.1:3306
    at TCPConnectWrap.afterConnect [as oncomplete] (net.js:1129:14)
Emitted 'error' event on Connection instance at:
    at Connection._notifyError (C:\Users\zaymanovaa\Desktop\dev\web-table-for-excel\node_modules\mysql2\lib\connection.js:216:12)
    at Connection._handleFatalError (C:\Users\zaymanovaa\Desktop\dev\web-table-for-excel\node_modules\mysql2\lib\connection.js:151:10)
    at Connection._handleNetworkError (C:\Users\zaymanovaa\Desktop\dev\web-table-for-excel\node_modules\mysql2\lib\connection.js:164:10)
    at Socket.emit (events.js:210:5)
    at emitErrorNT (internal/streams/destroy.js:92:8)
    at emitErrorAndCloseNT (internal/streams/destroy.js:60:3)
    at processTicksAndRejections (internal/process/task_queues.js:80:21) {
  errno: 'ECONNREFUSED',
  code: 'ECONNREFUSED',
  syscall: 'connect',
  address: '127.0.0.1',
  port: 3306,
  fatal: true
}
C:\Users\zaymanovaa\AppData\Roaming\npm\node_modules\qckwinsvc\node_modules\node-windows\lib\wrapper.js:177
    child.send('shutdown');
          ^

TypeError: Cannot read property 'send' of null
    at process.killkid (C:\Users\zaymanovaa\AppData\Roaming\npm\node_modules\qckwinsvc\node_modules\node-windows\lib\wrapper.js:177:11)
    at process.emit (events.js:210:5)
    at process.exit (internal/process/per_thread.js:158:15)
    at monitor (C:\Users\zaymanovaa\AppData\Roaming\npm\node_modules\qckwinsvc\node_modules\node-windows\lib\wrapper.js:99:17)
    at ChildProcess.<anonymous> (C:\Users\zaymanovaa\AppData\Roaming\npm\node_modules\qckwinsvc\node_modules\node-windows\lib\wrapper.js:170:5)
    at ChildProcess.emit (events.js:210:5)
    at Process.ChildProcess._handle.onexit (internal/child_process.js:272:12)
Ignoring invalid configuration option passed to Connection: localhost. This is currently a warning, but in future versions of MySQL2, an error will be thrown if you pass an invalid configuration option to a Connection
Ignoring invalid configuration option passed to Connection: localhost. This is currently a warning, but in future versions of MySQL2, an error will be thrown if you pass an invalid configuration option to a Connection
Ignoring invalid configuration option passed to Connection: localhost. This is currently a warning, but in future versions of MySQL2, an error will be thrown if you pass an invalid configuration option to a Connection
Ignoring invalid configuration option passed to Connection: localhost. This is currently a warning, but in future versions of MySQL2, an error will be thrown if you pass an invalid configuration option to a Connection
Ignoring invalid configuration option passed to Connection: localhost. This is currently a warning, but in future versions of MySQL2, an error will be thrown if you pass an invalid configuration option to a Connection
Ignoring invalid configuration option passed to Connection: localhost. This is currently a warning, but in future versions of MySQL2, an error will be thrown if you pass an invalid configuration option to a Connection
events.js:187
      throw er; // Unhandled 'error' event
      ^

Error: connect ECONNREFUSED 127.0.0.1:3306
    at TCPConnectWrap.afterConnect [as oncomplete] (net.js:1129:14)
Emitted 'error' event on Connection instance at:
    at Connection._notifyError (C:\Users\zaymanovaa\Desktop\dev\web-table-for-excel\node_modules\mysql2\lib\connection.js:216:12)
    at Connection._handleFatalError (C:\Users\zaymanovaa\Desktop\dev\web-table-for-excel\node_modules\mysql2\lib\connection.js:151:10)
    at Connection._handleNetworkError (C:\Users\zaymanovaa\Desktop\dev\web-table-for-excel\node_modules\mysql2\lib\connection.js:164:10)
    at Socket.emit (events.js:210:5)
    at emitErrorNT (internal/streams/destroy.js:92:8)
    at emitErrorAndCloseNT (internal/streams/destroy.js:60:3)
    at processTicksAndRejections (internal/process/task_queues.js:80:21) {
  errno: 'ECONNREFUSED',
  code: 'ECONNREFUSED',
  syscall: 'connect',
  address: '127.0.0.1',
  port: 3306,
  fatal: true
}
Ignoring invalid configuration option passed to Connection: localhost. This is currently a warning, but in future versions of MySQL2, an error will be thrown if you pass an invalid configuration option to a Connection
Ignoring invalid configuration option passed to Connection: localhost. This is currently a warning, but in future versions of MySQL2, an error will be thrown if you pass an invalid configuration option to a Connection
Ignoring invalid configuration option passed to Connection: localhost. This is currently a warning, but in future versions of MySQL2, an error will be thrown if you pass an invalid configuration option to a Connection
events.js:187
      throw er; // Unhandled 'error' event
      ^

Error: connect ECONNREFUSED 127.0.0.1:3306
    at TCPConnectWrap.afterConnect [as oncomplete] (net.js:1129:14)
Emitted 'error' event on Connection instance at:
    at Connection._notifyError (C:\Users\zaymanovaa\Desktop\dev\web-table-for-excel\node_modules\mysql2\lib\connection.js:216:12)
    at Connection._handleFatalError (C:\Users\zaymanovaa\Desktop\dev\web-table-for-excel\node_modules\mysql2\lib\connection.js:151:10)
    at Connection._handleNetworkError (C:\Users\zaymanovaa\Desktop\dev\web-table-for-excel\node_modules\mysql2\lib\connection.js:164:10)
    at Socket.emit (events.js:210:5)
    at emitErrorNT (internal/streams/destroy.js:92:8)
    at emitErrorAndCloseNT (internal/streams/destroy.js:60:3)
    at processTicksAndRejections (internal/process/task_queues.js:80:21) {
  errno: 'ECONNREFUSED',
  code: 'ECONNREFUSED',
  syscall: 'connect',
  address: '127.0.0.1',
  port: 3306,
  fatal: true
}
Ignoring invalid configuration option passed to Connection: localhost. This is currently a warning, but in future versions of MySQL2, an error will be thrown if you pass an invalid configuration option to a Connection
Ignoring invalid configuration option passed to Connection: localhost. This is currently a warning, but in future versions of MySQL2, an error will be thrown if you pass an invalid configuration option to a Connection
Ignoring invalid configuration option passed to Connection: localhost. This is currently a warning, but in future versions of MySQL2, an error will be thrown if you pass an invalid configuration option to a Connection
events.js:187
      throw er; // Unhandled 'error' event
      ^

Error: connect ECONNREFUSED 127.0.0.1:3306
    at TCPConnectWrap.afterConnect [as oncomplete] (net.js:1129:14)
Emitted 'error' event on Connection instance at:
    at Connection._notifyError (C:\Users\zaymanovaa\Desktop\dev\web-table-for-excel\node_modules\mysql2\lib\connection.js:216:12)
    at Connection._handleFatalError (C:\Users\zaymanovaa\Desktop\dev\web-table-for-excel\node_modules\mysql2\lib\connection.js:151:10)
    at Connection._handleNetworkError (C:\Users\zaymanovaa\Desktop\dev\web-table-for-excel\node_modules\mysql2\lib\connection.js:164:10)
    at Socket.emit (events.js:210:5)
    at emitErrorNT (internal/streams/destroy.js:92:8)
    at emitErrorAndCloseNT (internal/streams/destroy.js:60:3)
    at processTicksAndRejections (internal/process/task_queues.js:80:21) {
  errno: 'ECONNREFUSED',
  code: 'ECONNREFUSED',
  syscall: 'connect',
  address: '127.0.0.1',
  port: 3306,
  fatal: true
}
C:\Users\zaymanovaa\AppData\Roaming\npm\node_modules\qckwinsvc\node_modules\node-windows\lib\wrapper.js:177
    child.send('shutdown');
          ^

TypeError: Cannot read property 'send' of null
    at process.killkid (C:\Users\zaymanovaa\AppData\Roaming\npm\node_modules\qckwinsvc\node_modules\node-windows\lib\wrapper.js:177:11)
    at process.emit (events.js:210:5)
    at process.exit (internal/process/per_thread.js:158:15)
    at monitor (C:\Users\zaymanovaa\AppData\Roaming\npm\node_modules\qckwinsvc\node_modules\node-windows\lib\wrapper.js:99:17)
    at ChildProcess.<anonymous> (C:\Users\zaymanovaa\AppData\Roaming\npm\node_modules\qckwinsvc\node_modules\node-windows\lib\wrapper.js:170:5)
    at ChildProcess.emit (events.js:210:5)
    at Process.ChildProcess._handle.onexit (internal/child_process.js:272:12)
